
/home/runner/work/exp-calibration-of-strain-gauge-iitkgp/exp-calibration-of-strain-gauge-iitkgp/experiment/simulation/js/straingauge.js
    8:1    warning  '$' is not defined                       no-undef
    9:3    warning  '$' is not defined                       no-undef
   10:5    warning  '$' is not defined                       no-undef
   13:1    warning  '$' is not defined                       no-undef
   14:3    warning  '$' is not defined                       no-undef
   17:5    warning  '$' is not defined                       no-undef
   25:10   warning  'on_off' is defined but never used       no-unused-vars
   27:79   warning  '$' is not defined                       no-undef
   34:83   warning  '$' is not defined                       no-undef
   51:10   warning  'AddLoads' is defined but never used     no-unused-vars
   55:14   warning  'math' is not defined                    no-undef
   57:1    warning  '$' is not defined                       no-undef
   59:1    warning  '$' is not defined                       no-undef
   60:1    warning  '$' is not defined                       no-undef
   61:1    warning  '$' is not defined                       no-undef
   62:1    warning  '$' is not defined                       no-undef
   63:1    warning  '$' is not defined                       no-undef
   63:18   warning  'math' is not defined                    no-undef
   68:1    warning  Mixed spaces and tabs                    no-mixed-spaces-and-tabs
   69:1    warning  Mixed spaces and tabs                    no-mixed-spaces-and-tabs
   70:1    warning  Mixed spaces and tabs                    no-mixed-spaces-and-tabs
   75:10   warning  'RemoveLoads' is defined but never used  no-unused-vars
   78:1    warning  '$' is not defined                       no-undef
   84:1    warning  Mixed spaces and tabs                    no-mixed-spaces-and-tabs
   85:1    warning  Mixed spaces and tabs                    no-mixed-spaces-and-tabs
   86:1    warning  Mixed spaces and tabs                    no-mixed-spaces-and-tabs
   88:1    warning  '$' is not defined                       no-undef
   88:18   warning  'math' is not defined                    no-undef
   98:9    warning  'math' is not defined                    no-undef
   98:25   warning  'math' is not defined                    no-undef
   98:36   warning  'math' is not defined                    no-undef
  101:16   warning  '$' is not defined                       no-undef
  169:10   warning  'math' is not defined                    no-undef
  169:25   warning  'math' is not defined                    no-undef
  169:39   warning  'math' is not defined                    no-undef
  169:68   warning  'math' is not defined                    no-undef
  169:80   warning  'math' is not defined                    no-undef
  169:106  warning  'math' is not defined                    no-undef
  181:10   warning  'math' is not defined                    no-undef
  181:25   warning  'math' is not defined                    no-undef
  181:39   warning  'math' is not defined                    no-undef
  181:68   warning  'math' is not defined                    no-undef
  181:80   warning  'math' is not defined                    no-undef
  181:106  warning  'math' is not defined                    no-undef
  187:10   warning  'math' is not defined                    no-undef
  187:26   warning  'math' is not defined                    no-undef
  187:49   warning  'math' is not defined                    no-undef
  187:66   warning  'math' is not defined                    no-undef
  188:1    warning  '$' is not defined                       no-undef
  219:10   warning  'CreateTable' is defined but never used  no-unused-vars
  223:14   warning  '$' is not defined                       no-undef
  224:14   warning  'math' is not defined                    no-undef
  224:26   warning  'math' is not defined                    no-undef
  224:37   warning  'math' is not defined                    no-undef
  225:11   warning  'math' is not defined                    no-undef
  225:23   warning  'math' is not defined                    no-undef
  225:34   warning  'math' is not defined                    no-undef
  248:10   warning  'plot' is defined but never used         no-unused-vars
  301:1    warning  Mixed spaces and tabs                    no-mixed-spaces-and-tabs
  302:1    warning  Mixed spaces and tabs                    no-mixed-spaces-and-tabs
  315:1    warning  Mixed spaces and tabs                    no-mixed-spaces-and-tabs
  328:1    warning  'Plotly' is not defined                  no-undef
  337:10   warning  'Refresh' is defined but never used      no-unused-vars
  352:2    warning  '$' is not defined                       no-undef

✖ 64 problems (0 errors, 64 warnings)

